Oct 07, 2015 5:44:25 PM Interface DoLogin
SEVERE: ERROR: LOGIN/LIST ERROR: java.io.FileNotFoundException: C:\list.txt (The system cannot find the file specified)
Oct 07, 2015 5:45:22 PM Interface DoLogin
WARNING: WARNING: LOGIN-STAT error: java.lang.NumberFormatException: For input string: "Vulpes Pallida (sacrifice) 	Vulpes/Nature, passive 	L12 	342/749 	N100/D0/M65/E60 	Blank Gem (54.9%)"
Oct 07, 2015 7:14:41 PM Interface DoLogin
WARNING: WARNING: LOGIN-STAT error: java.lang.NumberFormatException: For input string: ""
Oct 07, 2015 7:14:41 PM Interface StartCalc
INFO: INFO: Encounter List Size is Zero!
Oct 07, 2015 7:14:41 PM Interface StartCalc
INFO: INFO: Encounter List Size is Zero!
Oct 07, 2015 7:14:42 PM Interface StartCalc
INFO: INFO: Encounter List Size is Zero!
Oct 07, 2015 7:14:42 PM Interface StartCalc
INFO: INFO: Encounter List Size is Zero!
Oct 07, 2015 7:14:42 PM Interface StartCalc
INFO: INFO: Encounter List Size is Zero!
Oct 07, 2015 7:14:43 PM Interface StartCalc
INFO: INFO: Encounter List Size is Zero!
Oct 07, 2015 7:14:43 PM Interface StartCalc
INFO: INFO: Encounter List Size is Zero!
Oct 07, 2015 7:14:44 PM Interface StartCalc
INFO: INFO: Encounter List Size is Zero!
Oct 07, 2015 7:14:44 PM Interface StartCalc
INFO: INFO: Encounter List Size is Zero!
Oct 07, 2015 7:14:44 PM Interface StartCalc
INFO: INFO: Encounter List Size is Zero!
Oct 07, 2015 7:14:45 PM Interface StartCalc
INFO: INFO: Encounter List Size is Zero!
Oct 07, 2015 7:14:45 PM Interface StartCalc
INFO: INFO: Encounter List Size is Zero!
Oct 07, 2015 7:14:46 PM Interface StartCalc
INFO: INFO: Encounter List Size is Zero!
Oct 07, 2015 7:14:46 PM Interface StartCalc
INFO: INFO: Encounter List Size is Zero!
Oct 07, 2015 7:14:47 PM Interface StartCalc
INFO: INFO: Encounter List Size is Zero!
Oct 07, 2015 7:14:47 PM Interface StartCalc
INFO: INFO: Encounter List Size is Zero!
Oct 07, 2015 7:14:47 PM Interface StartCalc
INFO: INFO: Encounter List Size is Zero!
Oct 07, 2015 7:14:48 PM Interface StartCalc
INFO: INFO: Encounter List Size is Zero!
Oct 07, 2015 7:14:48 PM Interface StartCalc
INFO: INFO: Encounter List Size is Zero!
Oct 07, 2015 7:14:49 PM Interface StartCalc
INFO: INFO: Encounter List Size is Zero!
Oct 07, 2015 7:14:49 PM Interface DoLogin
WARNING: WARNING: LOGIN-STAT error: java.lang.NumberFormatException: For input string: ""
Oct 07, 2015 7:14:49 PM Interface StartCalc
INFO: INFO: Encounter List Size is Zero!
Oct 07, 2015 7:14:50 PM Interface StartCalc
INFO: INFO: Encounter List Size is Zero!
Oct 07, 2015 7:14:50 PM Interface StartCalc
INFO: INFO: Encounter List Size is Zero!
Oct 07, 2015 7:14:50 PM Interface StartCalc
INFO: INFO: Encounter List Size is Zero!
Oct 07, 2015 7:14:51 PM Interface StartCalc
INFO: INFO: Encounter List Size is Zero!
Oct 07, 2015 7:14:51 PM Interface StartCalc
INFO: INFO: Encounter List Size is Zero!
Oct 07, 2015 7:14:52 PM Interface StartCalc
INFO: INFO: Encounter List Size is Zero!
Oct 07, 2015 7:14:52 PM Interface StartCalc
INFO: INFO: Encounter List Size is Zero!
Oct 07, 2015 7:14:52 PM Interface StartCalc
INFO: INFO: Encounter List Size is Zero!
Oct 07, 2015 7:14:53 PM Interface StartCalc
INFO: INFO: Encounter List Size is Zero!
Oct 07, 2015 7:14:53 PM Interface StartCalc
INFO: INFO: Encounter List Size is Zero!
Oct 07, 2015 7:14:54 PM Interface StartCalc
INFO: INFO: Encounter List Size is Zero!
Oct 07, 2015 7:14:54 PM Interface StartCalc
INFO: INFO: Encounter List Size is Zero!
Oct 07, 2015 7:14:54 PM Interface StartCalc
INFO: INFO: Encounter List Size is Zero!
Oct 07, 2015 7:14:55 PM Interface StartCalc
INFO: INFO: Encounter List Size is Zero!
Oct 07, 2015 7:14:55 PM Interface StartCalc
INFO: INFO: Encounter List Size is Zero!
Oct 07, 2015 7:14:56 PM Interface StartCalc
INFO: INFO: Encounter List Size is Zero!
Oct 07, 2015 7:14:56 PM Interface StartCalc
INFO: INFO: Encounter List Size is Zero!
Oct 07, 2015 7:14:56 PM Interface StartCalc
INFO: INFO: Encounter List Size is Zero!
Oct 07, 2015 7:14:57 PM Interface StartCalc
INFO: INFO: Encounter List Size is Zero!
Oct 07, 2015 7:14:57 PM Interface StartCalc
INFO: INFO: Encounter List Size is Zero!
Oct 07, 2015 7:14:58 PM Interface StartCalc
INFO: INFO: Encounter List Size is Zero!
Oct 07, 2015 7:14:58 PM Interface StartCalc
INFO: INFO: Encounter List Size is Zero!
Oct 07, 2015 7:14:58 PM Interface StartCalc
INFO: INFO: Encounter List Size is Zero!
Oct 07, 2015 7:14:59 PM Interface StartCalc
INFO: INFO: Encounter List Size is Zero!
Oct 07, 2015 7:14:59 PM Interface StartCalc
INFO: INFO: Encounter List Size is Zero!
Oct 07, 2015 7:15:00 PM Interface StartCalc
INFO: INFO: Encounter List Size is Zero!
Oct 07, 2015 7:15:00 PM Interface StartCalc
INFO: INFO: Encounter List Size is Zero!
Oct 07, 2015 7:15:00 PM Interface StartCalc
INFO: INFO: Encounter List Size is Zero!
Oct 07, 2015 7:15:01 PM Interface StartCalc
INFO: INFO: Encounter List Size is Zero!
Oct 07, 2015 7:15:01 PM Interface StartCalc
INFO: INFO: Encounter List Size is Zero!
Oct 07, 2015 7:15:02 PM Interface StartCalc
INFO: INFO: Encounter List Size is Zero!
Oct 07, 2015 7:15:02 PM Interface StartCalc
INFO: INFO: Encounter List Size is Zero!
Oct 07, 2015 7:15:02 PM Interface StartCalc
INFO: INFO: Encounter List Size is Zero!
Oct 07, 2015 7:15:03 PM Interface StartCalc
INFO: INFO: Encounter List Size is Zero!
Oct 07, 2015 7:15:03 PM Interface StartCalc
INFO: INFO: Encounter List Size is Zero!
Oct 07, 2015 7:15:04 PM Interface StartCalc
INFO: INFO: Encounter List Size is Zero!
Oct 07, 2015 7:15:04 PM Interface StartCalc
INFO: INFO: Encounter List Size is Zero!
Oct 07, 2015 7:15:04 PM Interface StartCalc
INFO: INFO: Encounter List Size is Zero!
Oct 07, 2015 7:15:05 PM Interface StartCalc
INFO: INFO: Encounter List Size is Zero!
Oct 07, 2015 7:15:05 PM Interface StartCalc
INFO: INFO: Encounter List Size is Zero!
Oct 07, 2015 7:15:06 PM Interface StartCalc
INFO: INFO: Encounter List Size is Zero!
Oct 07, 2015 7:15:06 PM Interface StartCalc
INFO: INFO: Encounter List Size is Zero!
Oct 07, 2015 7:15:06 PM Interface StartCalc
INFO: INFO: Encounter List Size is Zero!
Oct 07, 2015 7:15:07 PM Interface StartCalc
INFO: INFO: Encounter List Size is Zero!
Oct 07, 2015 7:15:07 PM Interface StartCalc
INFO: INFO: Encounter List Size is Zero!
Oct 07, 2015 7:15:08 PM Interface StartCalc
INFO: INFO: Encounter List Size is Zero!
Oct 07, 2015 7:15:08 PM Interface StartCalc
INFO: INFO: Encounter List Size is Zero!
Oct 07, 2015 7:15:08 PM Interface StartCalc
INFO: INFO: Encounter List Size is Zero!
Oct 07, 2015 7:15:09 PM Interface StartCalc
INFO: INFO: Encounter List Size is Zero!
Oct 07, 2015 7:15:09 PM Interface StartCalc
INFO: INFO: Encounter List Size is Zero!
Oct 07, 2015 7:15:10 PM Interface StartCalc
INFO: INFO: Encounter List Size is Zero!
Oct 07, 2015 7:15:10 PM Interface StartCalc
INFO: INFO: Encounter List Size is Zero!
Oct 07, 2015 7:15:10 PM Interface StartCalc
INFO: INFO: Encounter List Size is Zero!
Oct 07, 2015 7:15:11 PM Interface StartCalc
INFO: INFO: Encounter List Size is Zero!
Oct 07, 2015 7:15:11 PM Interface StartCalc
INFO: INFO: Encounter List Size is Zero!
Oct 07, 2015 7:15:12 PM Interface StartCalc
INFO: INFO: Encounter List Size is Zero!
Oct 07, 2015 7:15:12 PM Interface StartCalc
INFO: INFO: Encounter List Size is Zero!
Oct 07, 2015 7:15:12 PM Interface StartCalc
INFO: INFO: Encounter List Size is Zero!
Oct 07, 2015 7:15:13 PM Interface StartCalc
INFO: INFO: Encounter List Size is Zero!
Oct 07, 2015 7:15:13 PM Interface StartCalc
INFO: INFO: Encounter List Size is Zero!
Oct 07, 2015 7:15:14 PM Interface StartCalc
INFO: INFO: Encounter List Size is Zero!
Oct 07, 2015 7:15:14 PM Interface StartCalc
INFO: INFO: Encounter List Size is Zero!
Oct 07, 2015 7:15:14 PM Interface StartCalc
INFO: INFO: Encounter List Size is Zero!
Oct 07, 2015 7:15:15 PM Interface StartCalc
INFO: INFO: Encounter List Size is Zero!
Oct 07, 2015 7:15:15 PM Interface StartCalc
INFO: INFO: Encounter List Size is Zero!
Oct 07, 2015 7:15:16 PM Interface StartCalc
INFO: INFO: Encounter List Size is Zero!
Oct 07, 2015 7:15:16 PM Interface StartCalc
INFO: INFO: Encounter List Size is Zero!
Oct 07, 2015 7:15:16 PM Interface StartCalc
INFO: INFO: Encounter List Size is Zero!
Oct 07, 2015 7:15:17 PM Interface StartCalc
INFO: INFO: Encounter List Size is Zero!
Oct 07, 2015 7:15:17 PM Interface StartCalc
INFO: INFO: Encounter List Size is Zero!
Oct 07, 2015 7:15:18 PM Interface StartCalc
INFO: INFO: Encounter List Size is Zero!
Oct 07, 2015 7:15:18 PM Interface StartCalc
INFO: INFO: Encounter List Size is Zero!
Oct 07, 2015 7:15:18 PM Interface StartCalc
INFO: INFO: Encounter List Size is Zero!
Oct 07, 2015 7:15:19 PM Interface StartCalc
INFO: INFO: Encounter List Size is Zero!
Oct 07, 2015 7:15:19 PM Interface StartCalc
INFO: INFO: Encounter List Size is Zero!
Oct 07, 2015 7:15:20 PM Interface StartCalc
INFO: INFO: Encounter List Size is Zero!
Oct 07, 2015 7:15:20 PM Interface StartCalc
INFO: INFO: Encounter List Size is Zero!
Oct 07, 2015 7:15:20 PM Interface StartCalc
INFO: INFO: Encounter List Size is Zero!
Oct 07, 2015 7:15:21 PM Interface StartCalc
INFO: INFO: Encounter List Size is Zero!
Oct 07, 2015 7:15:21 PM Interface StartCalc
INFO: INFO: Encounter List Size is Zero!
Oct 07, 2015 7:15:22 PM Interface StartCalc
INFO: INFO: Encounter List Size is Zero!
Oct 07, 2015 7:15:22 PM Interface StartCalc
INFO: INFO: Encounter List Size is Zero!
Oct 07, 2015 7:15:22 PM Interface StartCalc
INFO: INFO: Encounter List Size is Zero!
Oct 07, 2015 7:15:23 PM Interface StartCalc
INFO: INFO: Encounter List Size is Zero!
Oct 07, 2015 7:15:23 PM Interface StartCalc
INFO: INFO: Encounter List Size is Zero!
Oct 07, 2015 7:15:24 PM Interface StartCalc
INFO: INFO: Encounter Size > List Size: Cannot Defend This!
Oct 07, 2015 7:15:38 PM Interface DoLogin
WARNING: WARNING: LOGIN-STAT error: java.lang.NumberFormatException: For input string: "Vulpes Pallida (sacrifice) 	Vulpes/Nature, passive 	L12 	342/749 	N100/D0/M65/E60 	Blank Gem (48.9%)"
Oct 15, 2015 5:06:26 PM Interface DoLogin
WARNING: WARNING: LOGIN-STAT error: java.lang.NumberFormatException: For input string: ""
